ui/proguard-android-optimize.txt
-allowaccessmodification
-dontusemixedcaseclassnames
-verbose

-keepattributes *Annotation*

-keepclasseswithmembernames class * {
    native <methods>;
}

-keepclassmembers enum * {
    public static **[] values();
    public static ** valueOf(java.lang.String);
}

-keepclassmembers class * implements android.os.Parcelable {
  public static final ** CREATOR;
}

-keep class androidx.annotation.Keep

-keep @androidx.annotation.Keep class * {*;}

-keepclasseswithmembers class * {
    @androidx.annotation.Keep <methods>;
}

-keepclasseswithmembers class * {
    @androidx.annotation.Keep <fields>;
}

-keepclasseswithmembers class * {
    @androidx.annotation.Keep <init>(...);
}

# Suppress missing annotation warnings from Tink (used by security-crypto)
-dontwarn javax.annotation.**
-dontwarn javax.annotation.concurrent.**