ui/build/outputs/mapping/release/seeds.txt
androidx.core.view.WindowInsetsCompat$BuilderImpl31: WindowInsetsCompat$BuilderImpl31(androidx.core.view.WindowInsetsCompat)
com.google.android.material.chip.Chip: Chip(android.content.Context,android.util.AttributeSet)
androidx.core.view.ViewCompat$Api24Impl: void setPointerIcon(android.view.View,android.view.PointerIcon)
com.google.crypto.tink.KeyTemplate$OutputPrefixType: com.google.crypto.tink.KeyTemplate$OutputPrefixType[] values()
com.wireguard.android.widget.MultiselectableRelativeLayout: MultiselectableRelativeLayout(android.content.Context,android.util.AttributeSet)
androidx.fragment.app.DialogFragment: DialogFragment()
androidx.datastore.preferences.protobuf.JavaType: androidx.datastore.preferences.protobuf.JavaType[] values()
androidx.lifecycle.ReportFragment$LifecycleCallbacks: void onActivityPrePaused(android.app.Activity)
androidx.core.view.WindowInsetsCompat$Impl30: WindowInsetsCompat$Impl30(androidx.core.view.WindowInsetsCompat,androidx.core.view.WindowInsetsCompat$Impl30)
androidx.core.view.WindowInsetsCompat$Impl29: androidx.core.graphics.Insets getTappableElementInsets()
androidx.core.view.ViewCompat$Api28Impl: boolean isAccessibilityHeading(android.view.View)
androidx.core.view.WindowInsetsCompat$Impl: androidx.core.view.WindowInsetsCompat consumeDisplayCutout()
androidx.lifecycle.ReportFragment$LifecycleCallbacks: void onActivityCreated(android.app.Activity,android.os.Bundle)
androidx.biometric.BiometricFragment$Api28Impl: void setSubtitle(android.hardware.biometrics.BiometricPrompt$Builder,java.lang.CharSequence)
androidx.core.view.WindowInsetsCompat$BuilderImpl: void setMandatorySystemGestureInsets(androidx.core.graphics.Insets)
androidx.core.view.WindowInsetsCompat$Impl20: void setRootViewData(androidx.core.graphics.Insets)
androidx.appcompat.widget.AppCompatTextViewAutoSizeHelper$Impl: AppCompatTextViewAutoSizeHelper$Impl()
androidx.vectordrawable.graphics.drawable.VectorDrawableCompat$VGroup: float getPivotY()
androidx.biometric.BiometricFragment$Api28Impl: android.hardware.biometrics.BiometricPrompt$Builder createPromptBuilder(android.content.Context)
androidx.profileinstaller.ProfileInstallReceiver: ProfileInstallReceiver()
androidx.core.view.WindowInsetsCompat$Impl: androidx.core.view.WindowInsetsCompat consumeStableInsets()
com.google.android.material.search.SearchBar$ScrollingViewBehavior: SearchBar$ScrollingViewBehavior()
androidx.core.view.WindowInsetsCompat$Impl31: WindowInsetsCompat$Impl31(androidx.core.view.WindowInsetsCompat,android.view.WindowInsets)
androidx.core.view.WindowInsetsCompat$BuilderImpl35: void setInsets(int,androidx.core.graphics.Insets)
androidx.core.view.WindowInsetsCompat$Impl20: androidx.core.graphics.Insets getInsetsIgnoringVisibility(int)
androidx.appcompat.app.AppCompatDelegateImpl$Api24Impl: void setLocales(android.content.res.Configuration,androidx.core.os.LocaleListCompat)
androidx.core.view.ViewCompat$Api30Impl: void setStateDescription(android.view.View,java.lang.CharSequence)
androidx.datastore.preferences.protobuf.WireFormat$JavaType: androidx.datastore.preferences.protobuf.WireFormat$JavaType valueOf(java.lang.String)
androidx.preference.PreferenceScreen: PreferenceScreen(android.content.Context,android.util.AttributeSet)
com.google.android.material.floatingactionbutton.FloatingActionButton$Behavior: FloatingActionButton$Behavior()
androidx.core.view.WindowInsetsCompat$BuilderImpl29: androidx.core.view.WindowInsetsCompat build()
com.google.zxing.DecodeHintType: com.google.zxing.DecodeHintType[] values()
androidx.databinding.library.baseAdapters.DataBinderMapperImpl: DataBinderMapperImpl()
androidx.core.view.WindowInsetsCompat$Impl29: androidx.core.view.WindowInsetsCompat inset(int,int,int,int)
androidx.core.view.WindowInsetsCompat$BuilderImpl20: WindowInsetsCompat$BuilderImpl20(androidx.core.view.WindowInsetsCompat)